

Started GET "/" for ::1 at 2015-02-26 19:17:07 -0600

ActiveRecord::PendingMigrationError (

Migrations are pending. To resolve this issue, run:

	bin/rake db:migrate RAILS_ENV=development

):
  activerecord (4.2.0) lib/active_record/migration.rb:393:in `check_pending!'
  activerecord (4.2.0) lib/active_record/migration.rb:374:in `call'
  actionpack (4.2.0) lib/action_dispatch/middleware/callbacks.rb:29:in `block in call'
  activesupport (4.2.0) lib/active_support/callbacks.rb:88:in `call'
  activesupport (4.2.0) lib/active_support/callbacks.rb:88:in `_run_callbacks'
  activesupport (4.2.0) lib/active_support/callbacks.rb:734:in `_run_call_callbacks'
  activesupport (4.2.0) lib/active_support/callbacks.rb:81:in `run_callbacks'
  actionpack (4.2.0) lib/action_dispatch/middleware/callbacks.rb:27:in `call'
  actionpack (4.2.0) lib/action_dispatch/middleware/reloader.rb:73:in `call'
  actionpack (4.2.0) lib/action_dispatch/middleware/remote_ip.rb:78:in `call'
  actionpack (4.2.0) lib/action_dispatch/middleware/debug_exceptions.rb:17:in `call'
  actionpack (4.2.0) lib/action_dispatch/middleware/show_exceptions.rb:30:in `call'
  railties (4.2.0) lib/rails/rack/logger.rb:38:in `call_app'
  railties (4.2.0) lib/rails/rack/logger.rb:20:in `block in call'
  activesupport (4.2.0) lib/active_support/tagged_logging.rb:68:in `block in tagged'
  activesupport (4.2.0) lib/active_support/tagged_logging.rb:26:in `tagged'
  activesupport (4.2.0) lib/active_support/tagged_logging.rb:68:in `tagged'
  railties (4.2.0) lib/rails/rack/logger.rb:20:in `call'
  actionpack (4.2.0) lib/action_dispatch/middleware/request_id.rb:21:in `call'
  rack (1.6.0) lib/rack/runtime.rb:18:in `call'
  activesupport (4.2.0) lib/active_support/cache/strategy/local_cache_middleware.rb:28:in `call'
  rack (1.6.0) lib/rack/lock.rb:17:in `call'
  actionpack (4.2.0) lib/action_dispatch/middleware/static.rb:113:in `call'
  railties (4.2.0) lib/rails/engine.rb:518:in `call'
  railties (4.2.0) lib/rails/application.rb:164:in `call'
  rack (1.6.0) lib/rack/lock.rb:17:in `call'
  rack (1.6.0) lib/rack/content_length.rb:15:in `call'
  rack (1.6.0) lib/rack/handler/webrick.rb:89:in `service'
  c:/Ruby21-x64/lib/ruby/2.1.0/webrick/httpserver.rb:138:in `service'
  c:/Ruby21-x64/lib/ruby/2.1.0/webrick/httpserver.rb:94:in `run'
  c:/Ruby21-x64/lib/ruby/2.1.0/webrick/server.rb:295:in `block in start_thread'


  Rendered c:/Ruby21-x64/lib/ruby/gems/2.1.0/gems/actionpack-4.2.0/lib/action_dispatch/middleware/templates/rescues/_source.erb (0.0ms)
  Rendered c:/Ruby21-x64/lib/ruby/gems/2.1.0/gems/actionpack-4.2.0/lib/action_dispatch/middleware/templates/rescues/_trace.html.erb (4.0ms)
  Rendered c:/Ruby21-x64/lib/ruby/gems/2.1.0/gems/actionpack-4.2.0/lib/action_dispatch/middleware/templates/rescues/_request_and_response.html.erb (1.0ms)
  Rendered c:/Ruby21-x64/lib/ruby/gems/2.1.0/gems/actionpack-4.2.0/lib/action_dispatch/middleware/templates/rescues/diagnostics.html.erb within rescues/layout (309.2ms)


Started GET "/" for ::1 at 2015-02-26 19:17:08 -0600

ActiveRecord::PendingMigrationError (

Migrations are pending. To resolve this issue, run:

	bin/rake db:migrate RAILS_ENV=development

):
  activerecord (4.2.0) lib/active_record/migration.rb:393:in `check_pending!'
  activerecord (4.2.0) lib/active_record/migration.rb:374:in `call'
  actionpack (4.2.0) lib/action_dispatch/middleware/callbacks.rb:29:in `block in call'
  activesupport (4.2.0) lib/active_support/callbacks.rb:88:in `call'
  activesupport (4.2.0) lib/active_support/callbacks.rb:88:in `_run_callbacks'
  activesupport (4.2.0) lib/active_support/callbacks.rb:734:in `_run_call_callbacks'
  activesupport (4.2.0) lib/active_support/callbacks.rb:81:in `run_callbacks'
  actionpack (4.2.0) lib/action_dispatch/middleware/callbacks.rb:27:in `call'
  actionpack (4.2.0) lib/action_dispatch/middleware/reloader.rb:73:in `call'
  actionpack (4.2.0) lib/action_dispatch/middleware/remote_ip.rb:78:in `call'
  actionpack (4.2.0) lib/action_dispatch/middleware/debug_exceptions.rb:17:in `call'
  actionpack (4.2.0) lib/action_dispatch/middleware/show_exceptions.rb:30:in `call'
  railties (4.2.0) lib/rails/rack/logger.rb:38:in `call_app'
  railties (4.2.0) lib/rails/rack/logger.rb:20:in `block in call'
  activesupport (4.2.0) lib/active_support/tagged_logging.rb:68:in `block in tagged'
  activesupport (4.2.0) lib/active_support/tagged_logging.rb:26:in `tagged'
  activesupport (4.2.0) lib/active_support/tagged_logging.rb:68:in `tagged'
  railties (4.2.0) lib/rails/rack/logger.rb:20:in `call'
  actionpack (4.2.0) lib/action_dispatch/middleware/request_id.rb:21:in `call'
  rack (1.6.0) lib/rack/runtime.rb:18:in `call'
  activesupport (4.2.0) lib/active_support/cache/strategy/local_cache_middleware.rb:28:in `call'
  rack (1.6.0) lib/rack/lock.rb:17:in `call'
  actionpack (4.2.0) lib/action_dispatch/middleware/static.rb:113:in `call'
  railties (4.2.0) lib/rails/engine.rb:518:in `call'
  railties (4.2.0) lib/rails/application.rb:164:in `call'
  rack (1.6.0) lib/rack/lock.rb:17:in `call'
  rack (1.6.0) lib/rack/content_length.rb:15:in `call'
  rack (1.6.0) lib/rack/handler/webrick.rb:89:in `service'
  c:/Ruby21-x64/lib/ruby/2.1.0/webrick/httpserver.rb:138:in `service'
  c:/Ruby21-x64/lib/ruby/2.1.0/webrick/httpserver.rb:94:in `run'
  c:/Ruby21-x64/lib/ruby/2.1.0/webrick/server.rb:295:in `block in start_thread'


  Rendered c:/Ruby21-x64/lib/ruby/gems/2.1.0/gems/actionpack-4.2.0/lib/action_dispatch/middleware/templates/rescues/_source.erb (1.0ms)
  Rendered c:/Ruby21-x64/lib/ruby/gems/2.1.0/gems/actionpack-4.2.0/lib/action_dispatch/middleware/templates/rescues/_trace.html.erb (3.0ms)
  Rendered c:/Ruby21-x64/lib/ruby/gems/2.1.0/gems/actionpack-4.2.0/lib/action_dispatch/middleware/templates/rescues/_request_and_response.html.erb (1.0ms)
  Rendered c:/Ruby21-x64/lib/ruby/gems/2.1.0/gems/actionpack-4.2.0/lib/action_dispatch/middleware/templates/rescues/diagnostics.html.erb within rescues/layout (26.0ms)
  [1m[36mActiveRecord::SchemaMigration Load (1.0ms)[0m  [1mSELECT "schema_migrations".* FROM "schema_migrations"[0m
Migrating to CreateUpcDescriptions (20150227011353)
  [1m[35m (16.0ms)[0m  BEGIN
  [1m[36m (853.2ms)[0m  [1mCREATE TABLE "upc_descriptions" ("id" serial primary key, "upc" bigint NOT NULL, "vendor" text, "sizeof" text, "fit" text, "style" text, "color" text, "gender" text) [0m
PG::DuplicateTable: ERROR:  relation "upc_descriptions" already exists
: CREATE TABLE "upc_descriptions" ("id" serial primary key, "upc" bigint NOT NULL, "vendor" text, "sizeof" text, "fit" text, "style" text, "color" text, "gender" text) 
  [1m[35m (0.0ms)[0m  ROLLBACK


Started GET "/" for ::1 at 2015-02-26 19:18:45 -0600
  [1m[36mActiveRecord::SchemaMigration Load (1.0ms)[0m  [1mSELECT "schema_migrations".* FROM "schema_migrations"[0m

ActiveRecord::PendingMigrationError (

Migrations are pending. To resolve this issue, run:

	bin/rake db:migrate RAILS_ENV=development

):
  activerecord (4.2.0) lib/active_record/migration.rb:393:in `check_pending!'
  activerecord (4.2.0) lib/active_record/migration.rb:374:in `call'
  actionpack (4.2.0) lib/action_dispatch/middleware/callbacks.rb:29:in `block in call'
  activesupport (4.2.0) lib/active_support/callbacks.rb:88:in `call'
  activesupport (4.2.0) lib/active_support/callbacks.rb:88:in `_run_callbacks'
  activesupport (4.2.0) lib/active_support/callbacks.rb:734:in `_run_call_callbacks'
  activesupport (4.2.0) lib/active_support/callbacks.rb:81:in `run_callbacks'
  actionpack (4.2.0) lib/action_dispatch/middleware/callbacks.rb:27:in `call'
  actionpack (4.2.0) lib/action_dispatch/middleware/reloader.rb:73:in `call'
  actionpack (4.2.0) lib/action_dispatch/middleware/remote_ip.rb:78:in `call'
  actionpack (4.2.0) lib/action_dispatch/middleware/debug_exceptions.rb:17:in `call'
  actionpack (4.2.0) lib/action_dispatch/middleware/show_exceptions.rb:30:in `call'
  railties (4.2.0) lib/rails/rack/logger.rb:38:in `call_app'
  railties (4.2.0) lib/rails/rack/logger.rb:20:in `block in call'
  activesupport (4.2.0) lib/active_support/tagged_logging.rb:68:in `block in tagged'
  activesupport (4.2.0) lib/active_support/tagged_logging.rb:26:in `tagged'
  activesupport (4.2.0) lib/active_support/tagged_logging.rb:68:in `tagged'
  railties (4.2.0) lib/rails/rack/logger.rb:20:in `call'
  actionpack (4.2.0) lib/action_dispatch/middleware/request_id.rb:21:in `call'
  rack (1.6.0) lib/rack/runtime.rb:18:in `call'
  activesupport (4.2.0) lib/active_support/cache/strategy/local_cache_middleware.rb:28:in `call'
  rack (1.6.0) lib/rack/lock.rb:17:in `call'
  actionpack (4.2.0) lib/action_dispatch/middleware/static.rb:113:in `call'
  railties (4.2.0) lib/rails/engine.rb:518:in `call'
  railties (4.2.0) lib/rails/application.rb:164:in `call'
  rack (1.6.0) lib/rack/lock.rb:17:in `call'
  rack (1.6.0) lib/rack/content_length.rb:15:in `call'
  rack (1.6.0) lib/rack/handler/webrick.rb:89:in `service'
  c:/Ruby21-x64/lib/ruby/2.1.0/webrick/httpserver.rb:138:in `service'
  c:/Ruby21-x64/lib/ruby/2.1.0/webrick/httpserver.rb:94:in `run'
  c:/Ruby21-x64/lib/ruby/2.1.0/webrick/server.rb:295:in `block in start_thread'


  Rendered c:/Ruby21-x64/lib/ruby/gems/2.1.0/gems/actionpack-4.2.0/lib/action_dispatch/middleware/templates/rescues/_source.erb (0.0ms)
  Rendered c:/Ruby21-x64/lib/ruby/gems/2.1.0/gems/actionpack-4.2.0/lib/action_dispatch/middleware/templates/rescues/_trace.html.erb (2.0ms)
  Rendered c:/Ruby21-x64/lib/ruby/gems/2.1.0/gems/actionpack-4.2.0/lib/action_dispatch/middleware/templates/rescues/_request_and_response.html.erb (1.0ms)
  Rendered c:/Ruby21-x64/lib/ruby/gems/2.1.0/gems/actionpack-4.2.0/lib/action_dispatch/middleware/templates/rescues/diagnostics.html.erb within rescues/layout (22.0ms)


Started GET "/" for ::1 at 2015-02-26 19:18:48 -0600
  [1m[35mActiveRecord::SchemaMigration Load (0.0ms)[0m  SELECT "schema_migrations".* FROM "schema_migrations"

ActiveRecord::PendingMigrationError (

Migrations are pending. To resolve this issue, run:

	bin/rake db:migrate RAILS_ENV=development

):
  activerecord (4.2.0) lib/active_record/migration.rb:393:in `check_pending!'
  activerecord (4.2.0) lib/active_record/migration.rb:374:in `call'
  actionpack (4.2.0) lib/action_dispatch/middleware/callbacks.rb:29:in `block in call'
  activesupport (4.2.0) lib/active_support/callbacks.rb:88:in `call'
  activesupport (4.2.0) lib/active_support/callbacks.rb:88:in `_run_callbacks'
  activesupport (4.2.0) lib/active_support/callbacks.rb:734:in `_run_call_callbacks'
  activesupport (4.2.0) lib/active_support/callbacks.rb:81:in `run_callbacks'
  actionpack (4.2.0) lib/action_dispatch/middleware/callbacks.rb:27:in `call'
  actionpack (4.2.0) lib/action_dispatch/middleware/reloader.rb:73:in `call'
  actionpack (4.2.0) lib/action_dispatch/middleware/remote_ip.rb:78:in `call'
  actionpack (4.2.0) lib/action_dispatch/middleware/debug_exceptions.rb:17:in `call'
  actionpack (4.2.0) lib/action_dispatch/middleware/show_exceptions.rb:30:in `call'
  railties (4.2.0) lib/rails/rack/logger.rb:38:in `call_app'
  railties (4.2.0) lib/rails/rack/logger.rb:20:in `block in call'
  activesupport (4.2.0) lib/active_support/tagged_logging.rb:68:in `block in tagged'
  activesupport (4.2.0) lib/active_support/tagged_logging.rb:26:in `tagged'
  activesupport (4.2.0) lib/active_support/tagged_logging.rb:68:in `tagged'
  railties (4.2.0) lib/rails/rack/logger.rb:20:in `call'
  actionpack (4.2.0) lib/action_dispatch/middleware/request_id.rb:21:in `call'
  rack (1.6.0) lib/rack/runtime.rb:18:in `call'
  activesupport (4.2.0) lib/active_support/cache/strategy/local_cache_middleware.rb:28:in `call'
  rack (1.6.0) lib/rack/lock.rb:17:in `call'
  actionpack (4.2.0) lib/action_dispatch/middleware/static.rb:113:in `call'
  railties (4.2.0) lib/rails/engine.rb:518:in `call'
  railties (4.2.0) lib/rails/application.rb:164:in `call'
  rack (1.6.0) lib/rack/lock.rb:17:in `call'
  rack (1.6.0) lib/rack/content_length.rb:15:in `call'
  rack (1.6.0) lib/rack/handler/webrick.rb:89:in `service'
  c:/Ruby21-x64/lib/ruby/2.1.0/webrick/httpserver.rb:138:in `service'
  c:/Ruby21-x64/lib/ruby/2.1.0/webrick/httpserver.rb:94:in `run'
  c:/Ruby21-x64/lib/ruby/2.1.0/webrick/server.rb:295:in `block in start_thread'


  Rendered c:/Ruby21-x64/lib/ruby/gems/2.1.0/gems/actionpack-4.2.0/lib/action_dispatch/middleware/templates/rescues/_source.erb (1.0ms)
  Rendered c:/Ruby21-x64/lib/ruby/gems/2.1.0/gems/actionpack-4.2.0/lib/action_dispatch/middleware/templates/rescues/_trace.html.erb (2.0ms)
  Rendered c:/Ruby21-x64/lib/ruby/gems/2.1.0/gems/actionpack-4.2.0/lib/action_dispatch/middleware/templates/rescues/_request_and_response.html.erb (1.0ms)
  Rendered c:/Ruby21-x64/lib/ruby/gems/2.1.0/gems/actionpack-4.2.0/lib/action_dispatch/middleware/templates/rescues/diagnostics.html.erb within rescues/layout (22.0ms)
  [1m[36mActiveRecord::SchemaMigration Load (1.0ms)[0m  [1mSELECT "schema_migrations".* FROM "schema_migrations"[0m
Migrating to CreateUpcDescriptions (20150227011353)
  [1m[35m (0.0ms)[0m  BEGIN
  [1m[36m (5.0ms)[0m  [1mCREATE TABLE "upc_descriptions" ("id" serial primary key, "upc" bigint NOT NULL, "vendor" text, "sizeof" text, "fit" text, "style" text, "color" text, "gender" text) [0m
PG::DuplicateTable: ERROR:  relation "upc_descriptions" already exists
: CREATE TABLE "upc_descriptions" ("id" serial primary key, "upc" bigint NOT NULL, "vendor" text, "sizeof" text, "fit" text, "style" text, "color" text, "gender" text) 
  [1m[35m (0.0ms)[0m  ROLLBACK
  [1m[36mActiveRecord::SchemaMigration Load (1.0ms)[0m  [1mSELECT "schema_migrations".* FROM "schema_migrations"[0m
Migrating to CreateUpcDescriptions (20150227011353)
  [1m[35m (0.0ms)[0m  BEGIN
  [1m[36m (5.0ms)[0m  [1mCREATE TABLE "upc_descriptions" ("id" serial primary key, "upc" bigint NOT NULL, "vendor" text, "sizeof" text, "fit" text, "style" text, "color" text, "gender" text) [0m
PG::DuplicateTable: ERROR:  relation "upc_descriptions" already exists
: CREATE TABLE "upc_descriptions" ("id" serial primary key, "upc" bigint NOT NULL, "vendor" text, "sizeof" text, "fit" text, "style" text, "color" text, "gender" text) 
  [1m[35m (0.0ms)[0m  ROLLBACK
  [1m[36mActiveRecord::SchemaMigration Load (1.0ms)[0m  [1mSELECT "schema_migrations".* FROM "schema_migrations"[0m
Migrating to CreateUpcDescriptions (20150227011353)
  [1m[35m (0.0ms)[0m  BEGIN
  [1m[36m (7.0ms)[0m  [1mCREATE TABLE "upc_descriptions" ("id" serial primary key, "upc" bigint NOT NULL, "vendor" text, "sizeof" text, "fit" text, "style" text, "color" text, "gender" text) [0m
PG::DuplicateTable: ERROR:  relation "upc_descriptions" already exists
: CREATE TABLE "upc_descriptions" ("id" serial primary key, "upc" bigint NOT NULL, "vendor" text, "sizeof" text, "fit" text, "style" text, "color" text, "gender" text) 
  [1m[35m (0.0ms)[0m  ROLLBACK
  [1m[36mActiveRecord::SchemaMigration Load (1.0ms)[0m  [1mSELECT "schema_migrations".* FROM "schema_migrations"[0m
Migrating to CreateUpcDescriptions (20150227011353)
  [1m[35m (0.0ms)[0m  BEGIN
  [1m[36m (7.0ms)[0m  [1mCREATE TABLE "upc_descriptions" ("id" serial primary key, "upc" bigint NOT NULL, "vendor" text, "sizeof" text, "fit" text, "style" text, "color" text, "gender" text) [0m
PG::DuplicateTable: ERROR:  relation "upc_descriptions" already exists
: CREATE TABLE "upc_descriptions" ("id" serial primary key, "upc" bigint NOT NULL, "vendor" text, "sizeof" text, "fit" text, "style" text, "color" text, "gender" text) 
  [1m[35m (0.0ms)[0m  ROLLBACK
  [1m[36m (5015.2ms)[0m  [1mDROP DATABASE IF EXISTS "rfidbdev"[0m
PG::ObjectInUse: ERROR:  database "rfidbdev" is being accessed by other users
DETAIL:  There is 1 other session using the database.
: DROP DATABASE IF EXISTS "rfidbdev"
  [1m[35m (1102.1ms)[0m  DROP DATABASE IF EXISTS "rfidbtest"
  [1m[36m (1.0ms)[0m  [1mCREATE DATABASE "rfidbdev" ENCODING = 'utf8'[0m
PG::DuplicateDatabase: ERROR:  database "rfidbdev" already exists
: CREATE DATABASE "rfidbdev" ENCODING = 'utf8'
  [1m[35m (11203.5ms)[0m  CREATE DATABASE "rfidbtest" ENCODING = 'utf8'
  [1m[36m (766.8ms)[0m  [1mDROP DATABASE IF EXISTS "rfidbdev"[0m
  [1m[35m (474.2ms)[0m  DROP DATABASE IF EXISTS "rfidbtest"
  [1m[36m (6822.5ms)[0m  [1mCREATE DATABASE "rfidbdev" ENCODING = 'utf8'[0m
  [1m[35m (5733.8ms)[0m  CREATE DATABASE "rfidbtest" ENCODING = 'utf8'
  [1m[36m (102.3ms)[0m  [1mCREATE TABLE "schema_migrations" ("version" character varying NOT NULL) [0m
  [1m[35m (77.3ms)[0m  CREATE UNIQUE INDEX  "unique_schema_migrations" ON "schema_migrations"  ("version")
  [1m[36mActiveRecord::SchemaMigration Load (0.0ms)[0m  [1mSELECT "schema_migrations".* FROM "schema_migrations"[0m
Migrating to CreateUpcDescriptions (20150227011353)
  [1m[35m (0.0ms)[0m  BEGIN
  [1m[36m (95.1ms)[0m  [1mCREATE TABLE "upc_descriptions" ("id" serial primary key, "upc" bigint NOT NULL, "vendor" text, "sizeof" text, "fit" text, "style" text, "color" text, "gender" text) [0m
  [1m[35m (47.1ms)[0m  CREATE  INDEX  "index_upc_descriptions_on_upc" ON "upc_descriptions"  ("upc")
  [1m[36mSQL (1.0ms)[0m  [1mINSERT INTO "schema_migrations" ("version") VALUES ($1)[0m  [["version", "20150227011353"]]
  [1m[35m (15.0ms)[0m  COMMIT
Migrating to CreateProducts (20150227011503)
  [1m[36m (0.0ms)[0m  [1mBEGIN[0m
  [1m[35m (104.3ms)[0m  CREATE TABLE "products" ("id" serial primary key, "serial_num" bigint NOT NULL, "location" text NOT NULL, "upc_description_id" bigint) 
  [1m[36m (80.1ms)[0m  [1mALTER TABLE "products" ADD CONSTRAINT "products_upc_description_id_fkey"
FOREIGN KEY ("upc_description_id")
  REFERENCES "upc_descriptions" ("id")
[0m
  [1m[35mSQL (0.0ms)[0m  INSERT INTO "schema_migrations" ("version") VALUES ($1)  [["version", "20150227011503"]]
  [1m[36m (1.0ms)[0m  [1mCOMMIT[0m
  [1m[35mActiveRecord::SchemaMigration Load (0.0ms)[0m  SELECT "schema_migrations".* FROM "schema_migrations"
  [1m[36m (3.0ms)[0m  [1mSELECT t2.oid::regclass::text AS to_table, a1.attname AS column, a2.attname AS primary_key, c.conname AS name, c.confupdtype AS on_update, c.confdeltype AS on_delete
FROM pg_constraint c
JOIN pg_class t1 ON c.conrelid = t1.oid
JOIN pg_class t2 ON c.confrelid = t2.oid
JOIN pg_attribute a1 ON a1.attnum = c.conkey[1] AND a1.attrelid = t1.oid
JOIN pg_attribute a2 ON a2.attnum = c.confkey[1] AND a2.attrelid = t2.oid
JOIN pg_namespace t3 ON c.connamespace = t3.oid
WHERE c.contype = 'f'
  AND t1.relname = 'products'
  AND t3.nspname = ANY (current_schemas(false))
ORDER BY c.conname
[0m
  [1m[35m (3.0ms)[0m  SELECT t2.oid::regclass::text AS to_table, a1.attname AS column, a2.attname AS primary_key, c.conname AS name, c.confupdtype AS on_update, c.confdeltype AS on_delete
FROM pg_constraint c
JOIN pg_class t1 ON c.conrelid = t1.oid
JOIN pg_class t2 ON c.confrelid = t2.oid
JOIN pg_attribute a1 ON a1.attnum = c.conkey[1] AND a1.attrelid = t1.oid
JOIN pg_attribute a2 ON a2.attnum = c.confkey[1] AND a2.attrelid = t2.oid
JOIN pg_namespace t3 ON c.connamespace = t3.oid
WHERE c.contype = 'f'
  AND t1.relname = 'upc_descriptions'
  AND t3.nspname = ANY (current_schemas(false))
ORDER BY c.conname



Started GET "/" for ::1 at 2015-02-26 19:26:06 -0600
  [1m[36mActiveRecord::SchemaMigration Load (1.0ms)[0m  [1mSELECT "schema_migrations".* FROM "schema_migrations"[0m
Processing by Rails::WelcomeController#index as HTML
  Rendered c:/Ruby21-x64/lib/ruby/gems/2.1.0/gems/railties-4.2.0/lib/rails/templates/rails/welcome/index.html.erb (2.0ms)
Completed 200 OK in 163ms (Views: 163.4ms | ActiveRecord: 0.0ms)


Started GET "/upc_descriptions" for ::1 at 2015-02-26 19:26:10 -0600
Processing by UpcDescriptionsController#index as HTML
  [1m[35mUpcDescription Load (4.0ms)[0m  SELECT "upc_descriptions".* FROM "upc_descriptions"
Completed 200 OK in 13ms (Views: 5.0ms | ActiveRecord: 5.0ms)
